app/build/intermediates/manifest_merge_blame_file/debug/manifest-merger-blame-debug-report.txt
1<?xml version="1.0" encoding="utf-8"?>
2<manifest xmlns:android="http://schemas.android.com/apk/res/android"
3    package="com.example.priyanshu"
4    android:versionCode="1"
5    android:versionName="1.0" >
6
7    <uses-sdk
8        android:minSdkVersion="23"
8-->src\main\AndroidManifest.xml
9        android:targetSdkVersion="32" />
9-->src\main\AndroidManifest.xml
10
11    <uses-permission android:name="android.permission.ACCESS_NETWORK_STATE" />
11-->src\main\AndroidManifest.xml:6:5-79
11-->src\main\AndroidManifest.xml:6:22-76
12    <uses-permission android:name="android.permission.INTERNET" />
12-->src\main\AndroidManifest.xml:7:5-67
12-->src\main\AndroidManifest.xml:7:22-64
13
14    <application
14-->src\main\AndroidManifest.xml:9:5-54:19
15        android:allowBackup="true"
15-->src\main\AndroidManifest.xml:10:9-35
16        android:appComponentFactory="androidx.core.app.CoreComponentFactory"
16-->[androidx.core:core:1.8.0] AndroidManifest.xml:24:18-86
17        android:dataExtractionRules="@xml/data_extraction_rules"
17-->src\main\AndroidManifest.xml:11:9-65
18        android:debuggable="true"
19        android:extractNativeLibs="false"
20        android:fullBackupContent="@xml/backup_rules"
20-->src\main\AndroidManifest.xml:12:9-54
21        android:icon="@drawable/iipe_logo"
21-->src\main\AndroidManifest.xml:13:9-43
22        android:label="IIPE"
22-->src\main\AndroidManifest.xml:14:9-29
23        android:supportsRtl="true"
23-->src\main\AndroidManifest.xml:15:9-35
24        android:testOnly="true"
25        android:theme="@style/Theme.Priyanshu" >
25-->src\main\AndroidManifest.xml:16:9-47
26        <activity
26-->src\main\AndroidManifest.xml:18:9-20:40
27            android:name="com.example.priyanshu.TimeTable"
27-->src\main\AndroidManifest.xml:19:13-38
28            android:exported="false" />
28-->src\main\AndroidManifest.xml:20:13-37
29        <activity
29-->src\main\AndroidManifest.xml:21:9-23:40
30            android:name="com.example.priyanshu.DisplayCurricula"
30-->src\main\AndroidManifest.xml:22:13-45
31            android:exported="false" />
31-->src\main\AndroidManifest.xml:23:13-37
32        <activity
32-->src\main\AndroidManifest.xml:24:9-26:40
33            android:name="com.example.priyanshu.Curricula"
33-->src\main\AndroidManifest.xml:25:13-38
34            android:exported="false" />
34-->src\main\AndroidManifest.xml:26:13-37
35        <activity
35-->src\main\AndroidManifest.xml:27:9-29:40
36            android:name="com.example.priyanshu.Book1"
36-->src\main\AndroidManifest.xml:28:13-34
37            android:exported="false" />
37-->src\main\AndroidManifest.xml:29:13-37
38        <activity
38-->src\main\AndroidManifest.xml:30:9-32:40
39            android:name="com.example.priyanshu.Library_Activity"
39-->src\main\AndroidManifest.xml:31:13-45
40            android:exported="false" />
40-->src\main\AndroidManifest.xml:32:13-37
41        <activity
41-->src\main\AndroidManifest.xml:33:9-35:40
42            android:name="com.example.priyanshu.student_homepage"
42-->src\main\AndroidManifest.xml:34:13-45
43            android:exported="false" />
43-->src\main\AndroidManifest.xml:35:13-37
44        <activity
44-->src\main\AndroidManifest.xml:36:9-38:40
45            android:name="com.example.priyanshu.guest_login"
45-->src\main\AndroidManifest.xml:37:13-40
46            android:exported="false" />
46-->src\main\AndroidManifest.xml:38:13-37
47        <activity
47-->src\main\AndroidManifest.xml:39:9-41:40
48            android:name="com.example.priyanshu.faculty_login"
48-->src\main\AndroidManifest.xml:40:13-42
49            android:exported="false" />
49-->src\main\AndroidManifest.xml:41:13-37
50        <activity
50-->src\main\AndroidManifest.xml:42:9-44:40
51            android:name="com.example.priyanshu.student_login"
51-->src\main\AndroidManifest.xml:43:13-42
52            android:exported="false" />
52-->src\main\AndroidManifest.xml:44:13-37
53        <activity
53-->src\main\AndroidManifest.xml:45:9-53:20
54            android:name="com.example.priyanshu.MainActivity"
54-->src\main\AndroidManifest.xml:46:13-41
55            android:exported="true" >
55-->src\main\AndroidManifest.xml:47:13-36
56            <intent-filter>
56-->src\main\AndroidManifest.xml:48:13-52:29
57                <action android:name="android.intent.action.MAIN" />
57-->src\main\AndroidManifest.xml:49:17-69
57-->src\main\AndroidManifest.xml:49:25-66
58
59                <category android:name="android.intent.category.LAUNCHER" />
59-->src\main\AndroidManifest.xml:51:17-77
59-->src\main\AndroidManifest.xml:51:27-74
60            </intent-filter>
61        </activity>
62
63        <service
63-->[com.google.firebase:firebase-firestore:24.2.2] AndroidManifest.xml:17:9-23:19
64            android:name="com.google.firebase.components.ComponentDiscoveryService"
64-->[com.google.firebase:firebase-firestore:24.2.2] AndroidManifest.xml:18:13-84
65            android:directBootAware="true"
65-->[com.google.firebase:firebase-common:20.1.1] AndroidManifest.xml:35:13-43
66            android:exported="false" >
66-->[com.google.firebase:firebase-firestore:24.2.2] AndroidManifest.xml:19:13-37
67            <meta-data
67-->[com.google.firebase:firebase-firestore:24.2.2] AndroidManifest.xml:20:13-22:85
68                android:name="com.google.firebase.components:com.google.firebase.firestore.FirestoreRegistrar"
68-->[com.google.firebase:firebase-firestore:24.2.2] AndroidManifest.xml:21:17-111
69                android:value="com.google.firebase.components.ComponentRegistrar" />
69-->[com.google.firebase:firebase-firestore:24.2.2] AndroidManifest.xml:22:17-82
70            <meta-data
70-->[com.google.firebase:firebase-auth:21.0.6] AndroidManifest.xml:67:13-69:85
71                android:name="com.google.firebase.components:com.google.firebase.auth.FirebaseAuthRegistrar"
71-->[com.google.firebase:firebase-auth:21.0.6] AndroidManifest.xml:68:17-109
72                android:value="com.google.firebase.components.ComponentRegistrar" />
72-->[com.google.firebase:firebase-auth:21.0.6] AndroidManifest.xml:69:17-82
73        </service>
74
75        <activity
75-->[com.google.firebase:firebase-auth:21.0.6] AndroidManifest.xml:27:9-44:20
76            android:name="com.google.firebase.auth.internal.GenericIdpActivity"
76-->[com.google.firebase:firebase-auth:21.0.6] AndroidManifest.xml:28:13-80
77            android:excludeFromRecents="true"
77-->[com.google.firebase:firebase-auth:21.0.6] AndroidManifest.xml:29:13-46
78            android:exported="true"
78-->[com.google.firebase:firebase-auth:21.0.6] AndroidManifest.xml:30:13-36
79            android:launchMode="singleTask"
79-->[com.google.firebase:firebase-auth:21.0.6] AndroidManifest.xml:31:13-44
80            android:theme="@android:style/Theme.Translucent.NoTitleBar" >
80-->[com.google.firebase:firebase-auth:21.0.6] AndroidManifest.xml:32:13-72
81            <intent-filter>
81-->[com.google.firebase:firebase-auth:21.0.6] AndroidManifest.xml:33:13-43:29
82                <action android:name="android.intent.action.VIEW" />
82-->[com.google.firebase:firebase-auth:21.0.6] AndroidManifest.xml:34:17-69
82-->[com.google.firebase:firebase-auth:21.0.6] AndroidManifest.xml:34:25-66
83
84                <category android:name="android.intent.category.DEFAULT" />
84-->[com.google.firebase:firebase-auth:21.0.6] AndroidManifest.xml:36:17-76
84-->[com.google.firebase:firebase-auth:21.0.6] AndroidManifest.xml:36:27-73
85                <category android:name="android.intent.category.BROWSABLE" />
85-->[com.google.firebase:firebase-auth:21.0.6] AndroidManifest.xml:37:17-78
85-->[com.google.firebase:firebase-auth:21.0.6] AndroidManifest.xml:37:27-75
86
87                <data
87-->[com.google.firebase:firebase-auth:21.0.6] AndroidManifest.xml:39:17-42:51
88                    android:host="firebase.auth"
88-->[com.google.firebase:firebase-auth:21.0.6] AndroidManifest.xml:40:21-49
89                    android:path="/"
89-->[com.google.firebase:firebase-auth:21.0.6] AndroidManifest.xml:41:21-37
90                    android:scheme="genericidp" />
90-->[com.google.firebase:firebase-auth:21.0.6] AndroidManifest.xml:42:21-48
91            </intent-filter>
92        </activity>
93        <activity
93-->[com.google.firebase:firebase-auth:21.0.6] AndroidManifest.xml:45:9-62:20
94            android:name="com.google.firebase.auth.internal.RecaptchaActivity"
94-->[com.google.firebase:firebase-auth:21.0.6] AndroidManifest.xml:46:13-79
95            android:excludeFromRecents="true"
95-->[com.google.firebase:firebase-auth:21.0.6] AndroidManifest.xml:47:13-46
96            android:exported="true"
96-->[com.google.firebase:firebase-auth:21.0.6] AndroidManifest.xml:48:13-36
97            android:launchMode="singleTask"
97-->[com.google.firebase:firebase-auth:21.0.6] AndroidManifest.xml:49:13-44
98            android:theme="@android:style/Theme.Translucent.NoTitleBar" >
98-->[com.google.firebase:firebase-auth:21.0.6] AndroidManifest.xml:50:13-72
99            <intent-filter>
99-->[com.google.firebase:firebase-auth:21.0.6] AndroidManifest.xml:51:13-61:29
100                <action android:name="android.intent.action.VIEW" />
100-->[com.google.firebase:firebase-auth:21.0.6] AndroidManifest.xml:34:17-69
100-->[com.google.firebase:firebase-auth:21.0.6] AndroidManifest.xml:34:25-66
101
102                <category android:name="android.intent.category.DEFAULT" />
102-->[com.google.firebase:firebase-auth:21.0.6] AndroidManifest.xml:36:17-76
102-->[com.google.firebase:firebase-auth:21.0.6] AndroidManifest.xml:36:27-73
103                <category android:name="android.intent.category.BROWSABLE" />
103-->[com.google.firebase:firebase-auth:21.0.6] AndroidManifest.xml:37:17-78
103-->[com.google.firebase:firebase-auth:21.0.6] AndroidManifest.xml:37:27-75
104
105                <data
105-->[com.google.firebase:firebase-auth:21.0.6] AndroidManifest.xml:39:17-42:51
106                    android:host="firebase.auth"
106-->[com.google.firebase:firebase-auth:21.0.6] AndroidManifest.xml:40:21-49
107                    android:path="/"
107-->[com.google.firebase:firebase-auth:21.0.6] AndroidManifest.xml:41:21-37
108                    android:scheme="recaptcha" />
108-->[com.google.firebase:firebase-auth:21.0.6] AndroidManifest.xml:42:21-48
109            </intent-filter>
110        </activity>
111
112        <provider
112-->[com.google.firebase:firebase-common:20.1.1] AndroidManifest.xml:26:9-31:39
113            android:name="com.google.firebase.provider.FirebaseInitProvider"
113-->[com.google.firebase:firebase-common:20.1.1] AndroidManifest.xml:27:13-77
114            android:authorities="com.example.priyanshu.firebaseinitprovider"
114-->[com.google.firebase:firebase-common:20.1.1] AndroidManifest.xml:28:13-72
115            android:directBootAware="true"
115-->[com.google.firebase:firebase-common:20.1.1] AndroidManifest.xml:29:13-43
116            android:exported="false"
116-->[com.google.firebase:firebase-common:20.1.1] AndroidManifest.xml:30:13-37
117            android:initOrder="100" />
117-->[com.google.firebase:firebase-common:20.1.1] AndroidManifest.xml:31:13-36
118
119        <activity
119-->[com.google.android.gms:play-services-base:18.0.1] AndroidManifest.xml:20:9-22:45
120            android:name="com.google.android.gms.common.api.GoogleApiActivity"
120-->[com.google.android.gms:play-services-base:18.0.1] AndroidManifest.xml:20:19-85
121            android:exported="false"
121-->[com.google.android.gms:play-services-base:18.0.1] AndroidManifest.xml:22:19-43
122            android:theme="@android:style/Theme.Translucent.NoTitleBar" />
122-->[com.google.android.gms:play-services-base:18.0.1] AndroidManifest.xml:21:19-78
123
124        <meta-data
124-->[com.google.android.gms:play-services-basement:18.0.0] AndroidManifest.xml:21:9-23:69
125            android:name="com.google.android.gms.version"
125-->[com.google.android.gms:play-services-basement:18.0.0] AndroidManifest.xml:22:13-58
126            android:value="@integer/google_play_services_version" />
126-->[com.google.android.gms:play-services-basement:18.0.0] AndroidManifest.xml:23:13-66
127
128        <provider
128-->[androidx.emoji2:emoji2:1.2.0] AndroidManifest.xml:24:9-32:20
129            android:name="androidx.startup.InitializationProvider"
129-->[androidx.emoji2:emoji2:1.2.0] AndroidManifest.xml:25:13-67
130            android:authorities="com.example.priyanshu.androidx-startup"
130-->[androidx.emoji2:emoji2:1.2.0] AndroidManifest.xml:26:13-68
131            android:exported="false" >
131-->[androidx.emoji2:emoji2:1.2.0] AndroidManifest.xml:27:13-37
132            <meta-data
132-->[androidx.emoji2:emoji2:1.2.0] AndroidManifest.xml:29:13-31:52
133                android:name="androidx.emoji2.text.EmojiCompatInitializer"
133-->[androidx.emoji2:emoji2:1.2.0] AndroidManifest.xml:30:17-75
134                android:value="androidx.startup" />
134-->[androidx.emoji2:emoji2:1.2.0] AndroidManifest.xml:31:17-49
135            <meta-data
135-->[androidx.lifecycle:lifecycle-process:2.4.1] AndroidManifest.xml:31:13-33:52
136                android:name="androidx.lifecycle.ProcessLifecycleInitializer"
136-->[androidx.lifecycle:lifecycle-process:2.4.1] AndroidManifest.xml:32:17-78
137                android:value="androidx.startup" />
137-->[androidx.lifecycle:lifecycle-process:2.4.1] AndroidManifest.xml:33:17-49
138        </provider>
139    </application>
140
141</manifest>